Setting up the virtual environment
Collecting git+https://github.com/huggingface/peft.git (from -r requirements.txt (line 6))
  Cloning https://github.com/huggingface/peft.git to /tmp/sdim_34-89420/pip-req-build-zm2qc71j
  Resolved https://github.com/huggingface/peft.git to commit 0facdebf6208139cbd8f3586875acb378813dd97
  Installing build dependencies: started
  Installing build dependencies: finished with status 'done'
  Getting requirements to build wheel: started
  Getting requirements to build wheel: finished with status 'done'
  Preparing metadata (pyproject.toml): started
  Preparing metadata (pyproject.toml): finished with status 'done'
Collecting git+https://github.com/huggingface/transformers.git (from -r requirements.txt (line 7))
  Cloning https://github.com/huggingface/transformers.git to /tmp/sdim_34-89420/pip-req-build-l383g3af
  Resolved https://github.com/huggingface/transformers.git to commit 62db3e6ed67a74cc1ed1436acd9973915c0a4475
  Installing build dependencies: started
  Installing build dependencies: finished with status 'done'
  Getting requirements to build wheel: started
  Getting requirements to build wheel: finished with status 'done'
  Preparing metadata (pyproject.toml): started
  Preparing metadata (pyproject.toml): finished with status 'done'
Collecting bitsandbytes
  Using cached bitsandbytes-0.45.1-py3-none-manylinux_2_24_x86_64.whl (69.7 MB)
Collecting datasets
  Using cached datasets-3.2.0-py3-none-any.whl (480 kB)
Collecting accelerate
  Using cached accelerate-1.3.0-py3-none-any.whl (336 kB)
Collecting loralib
  Using cached loralib-0.1.2-py3-none-any.whl (10 kB)
Collecting torch
  Using cached torch-2.6.0-cp310-cp310-manylinux1_x86_64.whl (766.7 MB)
Collecting numpy>=1.17
  Using cached numpy-2.2.2-cp310-cp310-manylinux_2_17_x86_64.manylinux2014_x86_64.whl (16.4 MB)
Collecting requests>=2.32.2
  Using cached requests-2.32.3-py3-none-any.whl (64 kB)
Collecting multiprocess<0.70.17
  Using cached multiprocess-0.70.16-py310-none-any.whl (134 kB)
Collecting pandas
  Using cached pandas-2.2.3-cp310-cp310-manylinux_2_17_x86_64.manylinux2014_x86_64.whl (13.1 MB)
Collecting filelock
  Using cached filelock-3.17.0-py3-none-any.whl (16 kB)
Collecting huggingface-hub>=0.23.0
  Using cached huggingface_hub-0.28.1-py3-none-any.whl (464 kB)
Collecting pyyaml>=5.1
  Using cached PyYAML-6.0.2-cp310-cp310-manylinux_2_17_x86_64.manylinux2014_x86_64.whl (751 kB)
Collecting dill<0.3.9,>=0.3.0
  Using cached dill-0.3.8-py3-none-any.whl (116 kB)
Collecting fsspec[http]<=2024.9.0,>=2023.1.0
  Using cached fsspec-2024.9.0-py3-none-any.whl (179 kB)
Collecting tqdm>=4.66.3
  Using cached tqdm-4.67.1-py3-none-any.whl (78 kB)
Collecting packaging
  Using cached packaging-24.2-py3-none-any.whl (65 kB)
Collecting pyarrow>=15.0.0
  Using cached pyarrow-19.0.0-cp310-cp310-manylinux_2_28_x86_64.whl (42.1 MB)
Collecting xxhash
  Using cached xxhash-3.5.0-cp310-cp310-manylinux_2_17_x86_64.manylinux2014_x86_64.whl (194 kB)
Collecting aiohttp
  Using cached aiohttp-3.11.11-cp310-cp310-manylinux_2_17_x86_64.manylinux2014_x86_64.whl (1.6 MB)
Collecting psutil
  Using cached psutil-6.1.1-cp36-abi3-manylinux_2_12_x86_64.manylinux2010_x86_64.manylinux_2_17_x86_64.manylinux2014_x86_64.whl (287 kB)
Collecting safetensors>=0.4.3
  Using cached safetensors-0.5.2-cp38-abi3-manylinux_2_17_x86_64.manylinux2014_x86_64.whl (461 kB)
Collecting sympy==1.13.1
  Using cached sympy-1.13.1-py3-none-any.whl (6.2 MB)
Collecting nvidia-nvjitlink-cu12==12.4.127
  Using cached nvidia_nvjitlink_cu12-12.4.127-py3-none-manylinux2014_x86_64.whl (21.1 MB)
Collecting nvidia-nccl-cu12==2.21.5
  Using cached nvidia_nccl_cu12-2.21.5-py3-none-manylinux2014_x86_64.whl (188.7 MB)
Collecting nvidia-cuda-nvrtc-cu12==12.4.127
  Using cached nvidia_cuda_nvrtc_cu12-12.4.127-py3-none-manylinux2014_x86_64.whl (24.6 MB)
Collecting nvidia-curand-cu12==10.3.5.147
  Using cached nvidia_curand_cu12-10.3.5.147-py3-none-manylinux2014_x86_64.whl (56.3 MB)
Collecting nvidia-cusparselt-cu12==0.6.2
  Using cached nvidia_cusparselt_cu12-0.6.2-py3-none-manylinux2014_x86_64.whl (150.1 MB)
Collecting triton==3.2.0
  Using cached triton-3.2.0-cp310-cp310-manylinux_2_17_x86_64.manylinux2014_x86_64.whl (253.1 MB)
Collecting fsspec
  Using cached fsspec-2025.2.0-py3-none-any.whl (184 kB)
Collecting nvidia-cusparse-cu12==12.3.1.170
  Using cached nvidia_cusparse_cu12-12.3.1.170-py3-none-manylinux2014_x86_64.whl (207.5 MB)
Collecting nvidia-cublas-cu12==12.4.5.8
  Using cached nvidia_cublas_cu12-12.4.5.8-py3-none-manylinux2014_x86_64.whl (363.4 MB)
Collecting nvidia-cusolver-cu12==11.6.1.9
  Using cached nvidia_cusolver_cu12-11.6.1.9-py3-none-manylinux2014_x86_64.whl (127.9 MB)
Collecting nvidia-cuda-runtime-cu12==12.4.127
  Using cached nvidia_cuda_runtime_cu12-12.4.127-py3-none-manylinux2014_x86_64.whl (883 kB)
Collecting networkx
  Using cached networkx-3.4.2-py3-none-any.whl (1.7 MB)
Collecting nvidia-cudnn-cu12==9.1.0.70
  Using cached nvidia_cudnn_cu12-9.1.0.70-py3-none-manylinux2014_x86_64.whl (664.8 MB)
Collecting typing-extensions>=4.10.0
  Using cached typing_extensions-4.12.2-py3-none-any.whl (37 kB)
Collecting nvidia-cuda-cupti-cu12==12.4.127
  Using cached nvidia_cuda_cupti_cu12-12.4.127-py3-none-manylinux2014_x86_64.whl (13.8 MB)
Collecting jinja2
  Using cached jinja2-3.1.5-py3-none-any.whl (134 kB)
Collecting nvidia-nvtx-cu12==12.4.127
  Using cached nvidia_nvtx_cu12-12.4.127-py3-none-manylinux2014_x86_64.whl (99 kB)
Collecting nvidia-cufft-cu12==11.2.1.3
  Using cached nvidia_cufft_cu12-11.2.1.3-py3-none-manylinux2014_x86_64.whl (211.5 MB)
Collecting mpmath<1.4,>=1.1.0
  Using cached mpmath-1.3.0-py3-none-any.whl (536 kB)
Collecting tokenizers<0.22,>=0.21
  Using cached tokenizers-0.21.0-cp39-abi3-manylinux_2_17_x86_64.manylinux2014_x86_64.whl (3.0 MB)
Collecting regex!=2019.12.17
  Using cached regex-2024.11.6-cp310-cp310-manylinux_2_17_x86_64.manylinux2014_x86_64.whl (781 kB)
Collecting propcache>=0.2.0
  Using cached propcache-0.2.1-cp310-cp310-manylinux_2_17_x86_64.manylinux2014_x86_64.whl (205 kB)
Collecting async-timeout<6.0,>=4.0
  Using cached async_timeout-5.0.1-py3-none-any.whl (6.2 kB)
Collecting frozenlist>=1.1.1
  Using cached frozenlist-1.5.0-cp310-cp310-manylinux_2_5_x86_64.manylinux1_x86_64.manylinux_2_17_x86_64.manylinux2014_x86_64.whl (241 kB)
Collecting aiosignal>=1.1.2
  Using cached aiosignal-1.3.2-py2.py3-none-any.whl (7.6 kB)
Collecting multidict<7.0,>=4.5
  Using cached multidict-6.1.0-cp310-cp310-manylinux_2_17_x86_64.manylinux2014_x86_64.whl (124 kB)
Collecting yarl<2.0,>=1.17.0
  Using cached yarl-1.18.3-cp310-cp310-manylinux_2_17_x86_64.manylinux2014_x86_64.whl (319 kB)
Collecting aiohappyeyeballs>=2.3.0
  Using cached aiohappyeyeballs-2.4.4-py3-none-any.whl (14 kB)
Collecting attrs>=17.3.0
  Using cached attrs-25.1.0-py3-none-any.whl (63 kB)
Collecting urllib3<3,>=1.21.1
  Using cached urllib3-2.3.0-py3-none-any.whl (128 kB)
Collecting certifi>=2017.4.17
  Using cached certifi-2025.1.31-py3-none-any.whl (166 kB)
Collecting charset-normalizer<4,>=2
  Using cached charset_normalizer-3.4.1-cp310-cp310-manylinux_2_17_x86_64.manylinux2014_x86_64.whl (146 kB)
Collecting idna<4,>=2.5
  Using cached idna-3.10-py3-none-any.whl (70 kB)
Collecting MarkupSafe>=2.0
  Using cached MarkupSafe-3.0.2-cp310-cp310-manylinux_2_17_x86_64.manylinux2014_x86_64.whl (20 kB)
Collecting tzdata>=2022.7
  Using cached tzdata-2025.1-py2.py3-none-any.whl (346 kB)
Collecting pytz>=2020.1
  Using cached pytz-2025.1-py2.py3-none-any.whl (507 kB)
Collecting python-dateutil>=2.8.2
  Using cached python_dateutil-2.9.0.post0-py2.py3-none-any.whl (229 kB)
Collecting six>=1.5
  Using cached six-1.17.0-py2.py3-none-any.whl (11 kB)
Building wheels for collected packages: peft, transformers
  Building wheel for peft (pyproject.toml): started
  Building wheel for peft (pyproject.toml): finished with status 'done'
  Created wheel for peft: filename=peft-0.14.1.dev0-py3-none-any.whl size=391243 sha256=ddb221ef9c3f02c55f37d0acf86296246bb54ca94d20768144df5c5f22990d77
  Stored in directory: /tmp/sdim_34-89420/pip-ephem-wheel-cache-o_rgv62d/wheels/d7/c7/de/1368fac8590e1b103ddc2ec2a28ad51d83aded1a3830e8a087
  Building wheel for transformers (pyproject.toml): started
  Building wheel for transformers (pyproject.toml): finished with status 'done'
  Created wheel for transformers: filename=transformers-4.49.0.dev0-py3-none-any.whl size=10627237 sha256=c6cabe74cfb0eae8a852340d88d6aacff88d1f72aae35b572fe7b46f38a90a5c
  Stored in directory: /tmp/sdim_34-89420/pip-ephem-wheel-cache-o_rgv62d/wheels/e7/9c/5b/e1a9c8007c343041e61cc484433d512ea9274272e3fcbe7c16
Successfully built peft transformers
Installing collected packages: triton, pytz, nvidia-cusparselt-cu12, mpmath, xxhash, urllib3, tzdata, typing-extensions, tqdm, sympy, six, safetensors, regex, pyyaml, pyarrow, psutil, propcache, packaging, nvidia-nvtx-cu12, nvidia-nvjitlink-cu12, nvidia-nccl-cu12, nvidia-curand-cu12, nvidia-cufft-cu12, nvidia-cuda-runtime-cu12, nvidia-cuda-nvrtc-cu12, nvidia-cuda-cupti-cu12, nvidia-cublas-cu12, numpy, networkx, MarkupSafe, loralib, idna, fsspec, frozenlist, filelock, dill, charset-normalizer, certifi, attrs, async-timeout, aiohappyeyeballs, requests, python-dateutil, nvidia-cusparse-cu12, nvidia-cudnn-cu12, multiprocess, multidict, jinja2, aiosignal, yarl, pandas, nvidia-cusolver-cu12, huggingface-hub, torch, tokenizers, aiohttp, transformers, bitsandbytes, accelerate, peft, datasets
Successfully installed MarkupSafe-3.0.2 accelerate-1.3.0 aiohappyeyeballs-2.4.4 aiohttp-3.11.11 aiosignal-1.3.2 async-timeout-5.0.1 attrs-25.1.0 bitsandbytes-0.45.1 certifi-2025.1.31 charset-normalizer-3.4.1 datasets-3.2.0 dill-0.3.8 filelock-3.17.0 frozenlist-1.5.0 fsspec-2024.9.0 huggingface-hub-0.28.1 idna-3.10 jinja2-3.1.5 loralib-0.1.2 mpmath-1.3.0 multidict-6.1.0 multiprocess-0.70.16 networkx-3.4.2 numpy-2.2.2 nvidia-cublas-cu12-12.4.5.8 nvidia-cuda-cupti-cu12-12.4.127 nvidia-cuda-nvrtc-cu12-12.4.127 nvidia-cuda-runtime-cu12-12.4.127 nvidia-cudnn-cu12-9.1.0.70 nvidia-cufft-cu12-11.2.1.3 nvidia-curand-cu12-10.3.5.147 nvidia-cusolver-cu12-11.6.1.9 nvidia-cusparse-cu12-12.3.1.170 nvidia-cusparselt-cu12-0.6.2 nvidia-nccl-cu12-2.21.5 nvidia-nvjitlink-cu12-12.4.127 nvidia-nvtx-cu12-12.4.127 packaging-24.2 pandas-2.2.3 peft-0.14.1.dev0 propcache-0.2.1 psutil-6.1.1 pyarrow-19.0.0 python-dateutil-2.9.0.post0 pytz-2025.1 pyyaml-6.0.2 regex-2024.11.6 requests-2.32.3 safetensors-0.5.2 six-1.17.0 sympy-1.13.1 tokenizers-0.21.0 torch-2.6.0 tqdm-4.67.1 transformers-4.49.0.dev0 triton-3.2.0 typing-extensions-4.12.2 tzdata-2025.1 urllib3-2.3.0 xxhash-3.5.0 yarl-1.18.3
Requirement already satisfied: torch in /tmp/sdim_34-89420/venv/lib/python3.10/site-packages (2.6.0)
Collecting torchvision
  Using cached torchvision-0.21.0-cp310-cp310-manylinux1_x86_64.whl (7.2 MB)
Collecting torchaudio
  Using cached torchaudio-2.6.0-cp310-cp310-manylinux1_x86_64.whl (3.4 MB)
Requirement already satisfied: nvidia-cuda-runtime-cu12==12.4.127 in /tmp/sdim_34-89420/venv/lib/python3.10/site-packages (from torch) (12.4.127)
Requirement already satisfied: nvidia-nvjitlink-cu12==12.4.127 in /tmp/sdim_34-89420/venv/lib/python3.10/site-packages (from torch) (12.4.127)
Requirement already satisfied: nvidia-cusparselt-cu12==0.6.2 in /tmp/sdim_34-89420/venv/lib/python3.10/site-packages (from torch) (0.6.2)
Requirement already satisfied: nvidia-cusparse-cu12==12.3.1.170 in /tmp/sdim_34-89420/venv/lib/python3.10/site-packages (from torch) (12.3.1.170)
Requirement already satisfied: nvidia-cufft-cu12==11.2.1.3 in /tmp/sdim_34-89420/venv/lib/python3.10/site-packages (from torch) (11.2.1.3)
Requirement already satisfied: fsspec in /tmp/sdim_34-89420/venv/lib/python3.10/site-packages (from torch) (2024.9.0)
Requirement already satisfied: nvidia-cuda-cupti-cu12==12.4.127 in /tmp/sdim_34-89420/venv/lib/python3.10/site-packages (from torch) (12.4.127)
Requirement already satisfied: nvidia-nvtx-cu12==12.4.127 in /tmp/sdim_34-89420/venv/lib/python3.10/site-packages (from torch) (12.4.127)
Requirement already satisfied: nvidia-cusolver-cu12==11.6.1.9 in /tmp/sdim_34-89420/venv/lib/python3.10/site-packages (from torch) (11.6.1.9)
Requirement already satisfied: triton==3.2.0 in /tmp/sdim_34-89420/venv/lib/python3.10/site-packages (from torch) (3.2.0)
Requirement already satisfied: jinja2 in /tmp/sdim_34-89420/venv/lib/python3.10/site-packages (from torch) (3.1.5)
Requirement already satisfied: nvidia-cuda-nvrtc-cu12==12.4.127 in /tmp/sdim_34-89420/venv/lib/python3.10/site-packages (from torch) (12.4.127)
Requirement already satisfied: nvidia-cublas-cu12==12.4.5.8 in /tmp/sdim_34-89420/venv/lib/python3.10/site-packages (from torch) (12.4.5.8)
Requirement already satisfied: nvidia-cudnn-cu12==9.1.0.70 in /tmp/sdim_34-89420/venv/lib/python3.10/site-packages (from torch) (9.1.0.70)
Requirement already satisfied: typing-extensions>=4.10.0 in /tmp/sdim_34-89420/venv/lib/python3.10/site-packages (from torch) (4.12.2)
Requirement already satisfied: sympy==1.13.1 in /tmp/sdim_34-89420/venv/lib/python3.10/site-packages (from torch) (1.13.1)
Requirement already satisfied: networkx in /tmp/sdim_34-89420/venv/lib/python3.10/site-packages (from torch) (3.4.2)
Requirement already satisfied: nvidia-nccl-cu12==2.21.5 in /tmp/sdim_34-89420/venv/lib/python3.10/site-packages (from torch) (2.21.5)
Requirement already satisfied: nvidia-curand-cu12==10.3.5.147 in /tmp/sdim_34-89420/venv/lib/python3.10/site-packages (from torch) (10.3.5.147)
Requirement already satisfied: filelock in /tmp/sdim_34-89420/venv/lib/python3.10/site-packages (from torch) (3.17.0)
Requirement already satisfied: mpmath<1.4,>=1.1.0 in /tmp/sdim_34-89420/venv/lib/python3.10/site-packages (from sympy==1.13.1->torch) (1.3.0)
Requirement already satisfied: numpy in /tmp/sdim_34-89420/venv/lib/python3.10/site-packages (from torchvision) (2.2.2)
Collecting pillow!=8.3.*,>=5.3.0
  Using cached pillow-11.1.0-cp310-cp310-manylinux_2_28_x86_64.whl (4.5 MB)
Requirement already satisfied: MarkupSafe>=2.0 in /tmp/sdim_34-89420/venv/lib/python3.10/site-packages (from jinja2->torch) (3.0.2)
Installing collected packages: pillow, torchvision, torchaudio
Successfully installed pillow-11.1.0 torchaudio-2.6.0 torchvision-0.21.0
Training
